<?xml version="1.0" encoding="UTF-8"?>
<!-- Generated by org.testng.reporters.JUnitReportReporter -->
<testsuite hostname="DESKTOP-JAQ0FH0" failures="0" tests="1" name="REST_TestScripts.PatchReqUsingParams" time="5.152" errors="0" timestamp="2024-06-23T22:21:21 IST" skipped="0">
  <testcase classname="REST_TestScripts.PatchReqUsingParams" name="updateUserQueryParams" time="5.152"/>
  <system-out/>
</testsuite> <!-- REST_TestScripts.PatchReqUsingParams -->
