<?xml version="1.0" encoding="UTF-8"?>
<!-- Generated by org.testng.reporters.JUnitReportReporter -->
<testsuite hostname="DESKTOP-JAQ0FH0" failures="0" tests="1" name="REST_TestScripts.Patch" time="25.826" errors="0" timestamp="2024-06-23T23:18:31 IST" skipped="0">
  <testcase classname="REST_TestScripts.Patch" name="updateUserQueryParams" time="25.826"/>
  <system-out/>
</testsuite> <!-- REST_TestScripts.Patch -->
