<?xml version="1.0" encoding="UTF-8"?>
<!-- Generated by org.testng.reporters.JUnitReportReporter -->
<testsuite hostname="DESKTOP-JAQ0FH0" failures="0" tests="1" name="REST_TestScripts.GithubBasicAuth" time="5.619" errors="0" timestamp="2024-10-18T00:28:01 IST" skipped="0">
  <testcase classname="REST_TestScripts.GithubBasicAuth" name="githubBasicAuthUsingEmailPwd" time="5.619"/>
  <system-out/>
</testsuite> <!-- REST_TestScripts.GithubBasicAuth -->
