<?xml version="1.0" encoding="UTF-8"?>
<!-- Generated by org.testng.reporters.JUnitReportReporter -->
<testsuite hostname="DESKTOP-JAQ0FH0" failures="0" tests="1" name="REST_TestScripts.SimpleTest" time="5.825" errors="0" timestamp="2024-06-23T20:43:37 IST" skipped="0">
  <testcase classname="REST_TestScripts.SimpleTest" name="simpleGetMethod" time="5.825"/>
  <system-out/>
</testsuite> <!-- REST_TestScripts.SimpleTest -->
