<?xml version="1.0" encoding="UTF-8"?>
<!-- Generated by org.testng.reporters.JUnitReportReporter -->
<testsuite hostname="DESKTOP-JAQ0FH0" failures="0" tests="1" name="REST_TestScripts.BasicAuthentication" time="5.064" errors="0" timestamp="2024-06-24T00:09:20 IST" skipped="0">
  <testcase classname="REST_TestScripts.BasicAuthentication" name="basicAuthUsernamePwd" time="5.064"/>
  <system-out/>
</testsuite> <!-- REST_TestScripts.BasicAuthentication -->
