<?xml version="1.0" encoding="UTF-8"?>
<!-- Generated by org.testng.reporters.JUnitReportReporter -->
<testsuite hostname="DESKTOP-JAQ0FH0" failures="0" tests="1" name="REST_TestScripts.Delete" time="5.268" errors="0" timestamp="2024-06-23T23:31:35 IST" skipped="0">
  <testcase classname="REST_TestScripts.Delete" name="deleteAnExistingResource" time="5.268"/>
  <system-out/>
</testsuite> <!-- REST_TestScripts.Delete -->
