<?xml version="1.0" encoding="UTF-8"?>
<!-- Generated by org.testng.reporters.JUnitReportReporter -->
<testsuite hostname="DESKTOP-JAQ0FH0" failures="0" tests="1" name="REST_TestScripts.Get" time="6.068" errors="0" timestamp="2024-06-23T22:39:07 IST" skipped="0">
  <testcase classname="REST_TestScripts.Get" name="getAllUserDetails" time="6.068"/>
  <system-out/>
</testsuite> <!-- REST_TestScripts.Get -->
