<?xml version="1.0" encoding="UTF-8"?>
<!-- Generated by org.testng.reporters.JUnitReportReporter -->
<testsuite hostname="DESKTOP-JAQ0FH0" failures="0" tests="1" name="REST_TestScripts.Post" time="26.725" errors="0" timestamp="2024-06-23T23:26:00 IST" skipped="0">
  <testcase classname="REST_TestScripts.Post" name="postReqUsingJSONObject" time="26.725"/>
  <system-out/>
</testsuite> <!-- REST_TestScripts.Post -->
